

<!DOCTYPE html>
<html>
<head>
<meta charset="utf-8">
<meta name="viewport" content="width=device-width, initial-scale=1, shrink-to-fit=no">
<title>Extent</title>
<link rel="apple-touch-icon" href="https://cdn.jsdelivr.net/gh/extent-framework/extent-github-cdn@b00a2d0486596e73dd7326beacf352c639623a0e/commons/img/logo.png">
<link rel="shortcut icon" href="https://cdn.jsdelivr.net/gh/extent-framework/extent-github-cdn@b00a2d0486596e73dd7326beacf352c639623a0e/commons/img/logo.png">
<link href="https://cdn.jsdelivr.net/gh/extent-framework/extent-github-cdn@c43b89d03a7c43dae8bb8f0f078bad1997af6b3b/spark/css/spark-style.css" rel="stylesheet" />
<link href="https://stackpath.bootstrapcdn.com/font-awesome/4.7.0/css/font-awesome.min.css" rel="stylesheet">
<script src="https://cdn.rawgit.com/extent-framework/extent-github-cdn/7cc78ce/spark/js/jsontree.js"></script>
<style type="text/css"></style></head><body class="spa bdd-report dark">
  <div class="app">
    <div class="layout">
<div class="header navbar">
<div class="vheader">
<div class="nav-logo">
<a href="#">
<div class="logo" style="background-image: url('https://cdn.jsdelivr.net/gh/extent-framework/extent-github-cdn@b00a2d0486596e73dd7326beacf352c639623a0e/commons/img/logo.png')"></div>
</a>
</div>
<ul class="nav-left">
<li class="search-box">
<a class="search-toggle" href="#">
<i class="search-icon fa fa-search"></i>
<i class="search-icon-close fa fa-close"></i>
</a>
</li>
<li class="search-input"><input id="search-tests" class="form-control" type="text" placeholder="Search..."></li>
</ul>
<ul class="nav-right">
<li class="m-r-10">
<a href="#"><span class="badge badge-primary">Grasshopper Report</span></a>
</li>
<li class="m-r-10">
<a href="#"><span class="badge badge-primary">Sep 2, 2021 06:14:38 PM</span></a>
</li>
</ul>
</div>
</div><div class="side-nav">
<div class="side-nav-inner">
<ul class="side-nav-menu">
<li class="nav-item dropdown" onclick="toggleView('dashboard-view')">
<a id="nav-dashboard" class="dropdown-toggle" href="#">
<span class="ico"><i class="fa fa-bar-chart"></i></span>
</a>
</li>
<li class="nav-item dropdown" onclick="toggleView('test-view')">
<a id="nav-test" class="dropdown-toggle" href="#">
<span class="ico"><i class="fa fa-list"></i></span>
</a>
</li>
<li class="nav-item dropdown" onclick="toggleView('exception-view')">
<a id="nav-exception" class="dropdown-toggle" href="#">
<span class="ico"><i class="fa fa-bug"></i></span>
</a>
</li>
</ul>
</div>
</div>      <div class="vcontainer">
        <div class="main-content">
<div class="container-fluid p-4 view dashboard-view">
<div class="row">
<div class="col-md-3">
<div class="card"><div class="card-body">
<p class="m-b-0">Started</p>
<h3>Sep 2, 2021 06:14:38 PM</h3>
</div></div>
</div>
<div class="col-md-3">
<div class="card"><div class="card-body">
<p class="m-b-0">Ended</p>
<h3>Sep 2, 2021 06:15:33 PM</h3>
</div></div>
</div>
<div class="col-md-3">
<div class="card"><div class="card-body">
<p class="m-b-0 text-pass">Features Passed</p>
<h3>0</h3>
</div></div>
</div>
<div class="col-md-3">
<div class="card"><div class="card-body">
<p class="m-b-0 text-fail">Features Failed</p>
<h3>1</h3>
</div></div>
</div>
</div>
<div class="row">
<div class="col-md-4">
<div class="card">
<div class="card-header">
<h6 class="card-title">Features</h6>
</div>
<div class="card-body">
<div class="">
<canvas id='parent-analysis' width='115' height='90'></canvas>
</div>
</div>
<div class="card-footer">
<div><small data-tooltip='0%'>
<b>0</b> features passed
</small>
</div>
<div>
<small data-tooltip='100%'><b>1</b> features failed,
<b>0</b> skipped, <b data-tooltip='0%'>0</b> others
</small>
</div>
</div>
</div>
</div>
<div class="col-md-4">
<div class="card">
<div class="card-header">
<h6 class="card-title">Scenarios</h6>
</div>
<div class="card-body">
<div class="">
<canvas id='child-analysis' width='115' height='90'></canvas>
</div>
</div>
<div class="card-footer">
<div><small data-tooltip='33%'><b>1</b> scenarios passed</small></div>
<div>
<small data-tooltip='66%'><b>2</b> scenarios failed,
<b>0</b> skipped, <b data-tooltip='%'>0</b> others
</small>
</div>
</div>
</div>
</div>
<div class="col-md-4">
<div class="card">
<div class="card-header">
<h6 class="card-title">Steps</h6>
</div>
<div class="card-body">
<div class="">
<canvas id='grandchild-analysis' width='115' height='90'></canvas>
</div>
</div>
<div class="card-footer">
<div><small data-tooltip='76%'><b>26</b> steps passed</small></div>
<div>
<small data-tooltip='5%'><b>2</b> steps failed,
<b>6</b> skipped, <b data-tooltip='%'>0</b> others
</small>
</div>
</div>
</div>
</div>
</div>
<div class="row"><div class="col-md-12">
<div class="card"><div class="card-header"><p>Timeline</p></div>
<div class="card-body pt-0"><div>
<canvas id="timeline" height="120"></canvas>
</div></div>
</div>
</div></div>
<script>
var timeline = {
"Person Details feature":52.946
};
</script>
<div class="row">
<div class="col-md-4 sysenv-container">
<div class="card">
<div class="card-header"><p>System/Environment</p></div>
<div class="card-body pb-0 pt-0"><table class="table table-sm table-bordered">
<thead><tr class="bg-gray"><th>Name</th><th>Value</th></tr></thead>
<tbody>
<tr>
<td>build</td>
<td>1.1</td>
</tr>
<tr>
<td>user</td>
<td>Gagan Deep Prashar</td>
</tr>
<tr>
<td>AppName</td>
<td>Banking Assignment</td>
</tr>
<tr>
<td>os</td>
<td>Window10</td>
</tr>
</tbody>
</table></div>
</div>
</div>
</div>
</div>
<script>
var statusGroup = {
parentCount: 5,
passParent: 0,
failParent: 1,
warningParent: 0,
skipParent: 0,
childCount: 5,
passChild: 1,
failChild: 2,
warningChild: 0,
skipChild: 0,
infoChild: 0,
grandChildCount: 5,
passGrandChild: 26,
failGrandChild: 2,
warningGrandChild: 0,
skipGrandChild: 6,
infoGrandChild: 0,
eventsCount: 5,
};
</script><div class="test-wrapper row view test-view">
  <div class="test-list">
    <div class="test-list-tools">
<ul class="tools pull-left">
<li><a href="#"><span class="font-size-14">Tests</span></a></li>
</ul>
<ul class="tools text-right">
<li class="dropdown">
<a href="#" class="dropdown-toggle" data-toggle="dropdown"><i class="fa fa-exclamation-circle"></i></a>
<ul id="status-toggle" class="dropdown-menu dropdown-md p-v-0">
<a class="dropdown-item" status="fail" href="#"><span>Fail</span><span class="status danger"></span></a>
<div class="dropdown-divider"></div>
<a status="clear" class="dropdown-item" href="#"><span>Clear</span><span class="pull-right"><i class="fa fa-close"></i></span></a>
</ul>
</li>
</ul>
</div>    <div class="test-list-wrapper scrollable">
      <ul class="test-list-item">
        <li class="test-item"  status="fail" test-id="1"
          author=""
          tag=""
          device="">
          <div class="test-detail">
            <p class="name">Person Details feature</p>
            <p class="text-sm">
              <span>18:14:40 PM</span> / <span>00:00:52:946</span>
              <span class="badge fail-bg log float-right">Fail</span>
            </p>
          </div>
          <div class="test-contents d-none">
<div class="detail-head">
<div class="p-v-10">
<div class="info">
<h5 class="test-status text-fail">Person Details feature</h5>
<span class='badge badge-success'>09.02.2021 18:14:40</span>
<span class='badge badge-danger'>09.02.2021 18:15:33</span>
<span class='badge badge-default'>00:00:52:946</span>
&middot; <span class='uri-anchor badge badge-default'>#test-id=1</span>
</div>
<div class="m-t-10 m-l-5"></div>
</div>
</div>
<div class="accordion mt-4">
  <div class="card">
    <div class="card-header" role="tab">
      <div class="card-title">
        <div class="node" id="2"><span class="badge log fail-bg mr-2">Fail</span>Person with the following details</div>
          <div class="status-avatar float-right mr-4">
            <i class="fa fa-paperclip"></i>
          </div>
      </div>
    </div>
        <div class="">
          <div class="card-body">
              <div class="step pass-bg" title="stepdefinitions.PersonDetailsSteps.user_is_on_calculators_and_tools_page()">
                <span>Given user is on calculators and tools page</span>
      <div>
      </div>
              </div>
              <div class="step pass-bg" title="stepdefinitions.PersonDetailsSteps.user_choose_the_application_type_details_as(java.lang.String)">
                <span>When user choose the Application type details as "Single"</span>
      <div>
      </div>
              </div>
              <div class="step pass-bg" title="stepdefinitions.PersonDetailsSteps.user_enters_number_of_dependants(java.lang.Integer)">
                <span>And user enters Number of dependants 0</span>
      <div>
      </div>
              </div>
              <div class="step pass-bg" title="stepdefinitions.PersonDetailsSteps.user_choose_property_to_buy_as(java.lang.String)">
                <span>And user choose property to buy as "Home to Live in"</span>
      <div>
      </div>
              </div>
              <div class="step pass-bg" title="stepdefinitions.PersonDetailsSteps.user_enters_income_before_tax_as(java.lang.Integer)">
                <span>And user enters income before tax as 80000</span>
      <div>
      </div>
              </div>
              <div class="step pass-bg" title="stepdefinitions.PersonDetailsSteps.user_enters_income_after_tax_as(java.lang.Integer)">
                <span>And user enters income after tax as 10000</span>
      <div>
      </div>
              </div>
              <div class="step pass-bg" title="stepdefinitions.PersonDetailsSteps.user_enters_living_expense_of(java.lang.Integer)">
                <span>And user enters living expense of 500</span>
      <div>
      </div>
              </div>
              <div class="step pass-bg" title="stepdefinitions.PersonDetailsSteps.user_enters_current_home_loan_payement(java.lang.Integer)">
                <span>And user enters current home loan payement 0</span>
      <div>
      </div>
              </div>
              <div class="step pass-bg" title="stepdefinitions.PersonDetailsSteps.user_enters_other_loan_repayment_of(java.lang.Integer)">
                <span>And user enters other loan repayment of 100</span>
      <div>
      </div>
              </div>
              <div class="step pass-bg" title="stepdefinitions.PersonDetailsSteps.user_enters_other_commitments_of(java.lang.Integer)">
                <span>And user enters other commitments of 0</span>
      <div>
      </div>
              </div>
              <div class="step fail-bg" title="stepdefinitions.PersonDetailsSteps.user_enters_total_credit_card_limits_of(java.lang.Integer)">
                <span>And user enters total credit card limits of 10000</span>
      <div>
        <textarea disabled class="code-block">org.openqa.selenium.NoSuchElementException: no such element: Unable to locate element: {"method":"css selector","selector":"#credit11"}
  (Session info: chrome=92.0.4515.159)
For documentation on this error, please visit: https://www.seleniumhq.org/exceptions/no_such_element.html
Build info: version: '3.141.59', revision: 'e82be7d358', time: '2018-11-14T08:17:03'
System info: host: 'GAGAN', ip: '192.168.30.2', os.name: 'Windows 10', os.arch: 'amd64', os.version: '10.0', java.version: '1.8.0_221'
Driver info: org.openqa.selenium.chrome.ChromeDriver
Capabilities {acceptInsecureCerts: false, browserName: chrome, browserVersion: 92.0.4515.159, chrome: {chromedriverVersion: 92.0.4515.107 (87a818b10553..., userDataDir: C:\Users\Lenovo\AppData\Loc...}, goog:chromeOptions: {debuggerAddress: localhost:1147}, javascriptEnabled: true, networkConnectionEnabled: false, pageLoadStrategy: normal, platform: WINDOWS, platformName: WINDOWS, proxy: Proxy(), setWindowRect: true, strictFileInteractability: false, timeouts: {implicit: 0, pageLoad: 300000, script: 30000}, unhandledPromptBehavior: dismiss and notify, webauthn:extension:credBlob: true, webauthn:extension:largeBlob: true, webauthn:virtualAuthenticators: true}
Session ID: c0817a6b8210ea16be42387f1d160bab
*** Element info: {Using=id, value=credit11}
	at sun.reflect.NativeConstructorAccessorImpl.newInstance0(Native Method)
	at sun.reflect.NativeConstructorAccessorImpl.newInstance(Unknown Source)
	at sun.reflect.DelegatingConstructorAccessorImpl.newInstance(Unknown Source)
	at java.lang.reflect.Constructor.newInstance(Unknown Source)
	at org.openqa.selenium.remote.http.W3CHttpResponseCodec.createException(W3CHttpResponseCodec.java:187)
	at org.openqa.selenium.remote.http.W3CHttpResponseCodec.decode(W3CHttpResponseCodec.java:122)
	at org.openqa.selenium.remote.http.W3CHttpResponseCodec.decode(W3CHttpResponseCodec.java:49)
	at org.openqa.selenium.remote.HttpCommandExecutor.execute(HttpCommandExecutor.java:158)
	at org.openqa.selenium.remote.service.DriverCommandExecutor.execute(DriverCommandExecutor.java:83)
	at org.openqa.selenium.remote.RemoteWebDriver.execute(RemoteWebDriver.java:552)
	at org.openqa.selenium.remote.RemoteWebDriver.findElement(RemoteWebDriver.java:323)
	at org.openqa.selenium.remote.RemoteWebDriver.findElementById(RemoteWebDriver.java:372)
	at org.openqa.selenium.By$ById.findElement(By.java:188)
	at org.openqa.selenium.remote.RemoteWebDriver.findElement(RemoteWebDriver.java:315)
	at com.pages.PersonDetails.enterTotalCreditCardLimit(PersonDetails.java:77)
	at stepdefinitions.PersonDetailsSteps.user_enters_total_credit_card_limits_of(PersonDetailsSteps.java:76)
	at ✽.user enters total credit card limits of 10000(file:///C:/Users/Lenovo/eclipse-workspace/ProjectAssignment/src/test/resources/AppFeatures/PersonDetails.feature:16)
</textarea>
      
      </div>
              </div>
              <div class="step skip-bg" title="stepdefinitions.PersonDetailsSteps.user_click_on_how_much_i_could_borrow_button()">
                <span>Then user click on how much i could borrow button</span>
      <div>Step skipped
      </div>
              </div>
              <div class="step skip-bg" title="stepdefinitions.PersonDetailsSteps.user_should_get_the_result(java.lang.String)">
                <span>And user should get the result "$507,000"</span>
      <div>Step skipped
      </div>
              </div>
              <div class="step pass-bg" title="AFTER">
                <span>AppHooks.ApplicationHooks.tearDown(io.cucumber.java.Scenario)</span>
      <div>Person_with_the_following_details
          <div class="row mb-3"><div class="col-md-3">
    <img data-featherlight='../embedded1.png' src="../embedded1.png">
    
    </div></div>
</div>
      <div>
      </div>
              </div>
          </div>
        </div>
  </div>
  <div class="card">
    <div class="card-header" role="tab">
      <div class="card-title">
        <div class="node" id="20"><span class="badge log fail-bg mr-2">Fail</span>check start over button</div>
          <div class="status-avatar float-right mr-4">
            <i class="fa fa-paperclip"></i>
          </div>
      </div>
    </div>
        <div class="">
          <div class="card-body">
              <div class="step pass-bg" title="stepdefinitions.PersonDetailsSteps.user_is_on_calculators_and_tools_page()">
                <span>Given user is on calculators and tools page</span>
      <div>
      </div>
              </div>
              <div class="step pass-bg" title="stepdefinitions.PersonDetailsSteps.user_choose_the_application_type_details_as(java.lang.String)">
                <span>When user choose the Application type details as "Single"</span>
      <div>
      </div>
              </div>
              <div class="step pass-bg" title="stepdefinitions.PersonDetailsSteps.user_enters_number_of_dependants(java.lang.Integer)">
                <span>And user enters Number of dependants 0</span>
      <div>
      </div>
              </div>
              <div class="step pass-bg" title="stepdefinitions.PersonDetailsSteps.user_choose_property_to_buy_as(java.lang.String)">
                <span>And user choose property to buy as "Home to Live in"</span>
      <div>
      </div>
              </div>
              <div class="step pass-bg" title="stepdefinitions.PersonDetailsSteps.user_enters_income_before_tax_as(java.lang.Integer)">
                <span>And user enters income before tax as 80000</span>
      <div>
      </div>
              </div>
              <div class="step pass-bg" title="stepdefinitions.PersonDetailsSteps.user_enters_income_after_tax_as(java.lang.Integer)">
                <span>And user enters income after tax as 10000</span>
      <div>
      </div>
              </div>
              <div class="step pass-bg" title="stepdefinitions.PersonDetailsSteps.user_enters_living_expense_of(java.lang.Integer)">
                <span>And user enters living expense of 500</span>
      <div>
      </div>
              </div>
              <div class="step pass-bg" title="stepdefinitions.PersonDetailsSteps.user_enters_current_home_loan_payement(java.lang.Integer)">
                <span>And user enters current home loan payement 0</span>
      <div>
      </div>
              </div>
              <div class="step pass-bg" title="stepdefinitions.PersonDetailsSteps.user_enters_other_loan_repayment_of(java.lang.Integer)">
                <span>And user enters other loan repayment of 100</span>
      <div>
      </div>
              </div>
              <div class="step pass-bg" title="stepdefinitions.PersonDetailsSteps.user_enters_other_commitments_of(java.lang.Integer)">
                <span>And user enters other commitments of 0</span>
      <div>
      </div>
              </div>
              <div class="step fail-bg" title="stepdefinitions.PersonDetailsSteps.user_enters_total_credit_card_limits_of(java.lang.Integer)">
                <span>And user enters total credit card limits of 10000</span>
      <div>
        <textarea disabled class="code-block">org.openqa.selenium.NoSuchElementException: no such element: Unable to locate element: {"method":"css selector","selector":"#credit11"}
  (Session info: chrome=92.0.4515.159)
For documentation on this error, please visit: https://www.seleniumhq.org/exceptions/no_such_element.html
Build info: version: '3.141.59', revision: 'e82be7d358', time: '2018-11-14T08:17:03'
System info: host: 'GAGAN', ip: '192.168.30.2', os.name: 'Windows 10', os.arch: 'amd64', os.version: '10.0', java.version: '1.8.0_221'
Driver info: org.openqa.selenium.chrome.ChromeDriver
Capabilities {acceptInsecureCerts: false, browserName: chrome, browserVersion: 92.0.4515.159, chrome: {chromedriverVersion: 92.0.4515.107 (87a818b10553..., userDataDir: C:\Users\Lenovo\AppData\Loc...}, goog:chromeOptions: {debuggerAddress: localhost:19805}, javascriptEnabled: true, networkConnectionEnabled: false, pageLoadStrategy: normal, platform: WINDOWS, platformName: WINDOWS, proxy: Proxy(), setWindowRect: true, strictFileInteractability: false, timeouts: {implicit: 0, pageLoad: 300000, script: 30000}, unhandledPromptBehavior: dismiss and notify, webauthn:extension:credBlob: true, webauthn:extension:largeBlob: true, webauthn:virtualAuthenticators: true}
Session ID: 2f189158593232609f6faba091a9d695
*** Element info: {Using=id, value=credit11}
	at sun.reflect.NativeConstructorAccessorImpl.newInstance0(Native Method)
	at sun.reflect.NativeConstructorAccessorImpl.newInstance(Unknown Source)
	at sun.reflect.DelegatingConstructorAccessorImpl.newInstance(Unknown Source)
	at java.lang.reflect.Constructor.newInstance(Unknown Source)
	at org.openqa.selenium.remote.http.W3CHttpResponseCodec.createException(W3CHttpResponseCodec.java:187)
	at org.openqa.selenium.remote.http.W3CHttpResponseCodec.decode(W3CHttpResponseCodec.java:122)
	at org.openqa.selenium.remote.http.W3CHttpResponseCodec.decode(W3CHttpResponseCodec.java:49)
	at org.openqa.selenium.remote.HttpCommandExecutor.execute(HttpCommandExecutor.java:158)
	at org.openqa.selenium.remote.service.DriverCommandExecutor.execute(DriverCommandExecutor.java:83)
	at org.openqa.selenium.remote.RemoteWebDriver.execute(RemoteWebDriver.java:552)
	at org.openqa.selenium.remote.RemoteWebDriver.findElement(RemoteWebDriver.java:323)
	at org.openqa.selenium.remote.RemoteWebDriver.findElementById(RemoteWebDriver.java:372)
	at org.openqa.selenium.By$ById.findElement(By.java:188)
	at org.openqa.selenium.remote.RemoteWebDriver.findElement(RemoteWebDriver.java:315)
	at com.pages.PersonDetails.enterTotalCreditCardLimit(PersonDetails.java:77)
	at stepdefinitions.PersonDetailsSteps.user_enters_total_credit_card_limits_of(PersonDetailsSteps.java:76)
	at ✽.user enters total credit card limits of 10000(file:///C:/Users/Lenovo/eclipse-workspace/ProjectAssignment/src/test/resources/AppFeatures/PersonDetails.feature:31)
</textarea>
      
      </div>
              </div>
              <div class="step skip-bg" title="stepdefinitions.PersonDetailsSteps.user_click_on_how_much_i_could_borrow_button()">
                <span>Then user click on how much i could borrow button</span>
      <div>Step skipped
      </div>
              </div>
              <div class="step skip-bg" title="stepdefinitions.PersonDetailsSteps.user_should_get_the_result(java.lang.String)">
                <span>And user should get the result "$507,000"</span>
      <div>Step skipped
      </div>
              </div>
              <div class="step skip-bg" title="stepdefinitions.PersonDetailsSteps.user_click_on_start_over_button_after_filling_the_form()">
                <span>When user click on start over button after filling the form</span>
      <div>Step skipped
      </div>
              </div>
              <div class="step skip-bg" title="stepdefinitions.PersonDetailsSteps.the_field_should_be_clear_and_show_Empty(java.lang.String)">
                <span>Then the field should be clear and show Empty ""</span>
      <div>Step skipped
      </div>
              </div>
              <div class="step pass-bg" title="AFTER">
                <span>AppHooks.ApplicationHooks.tearDown(io.cucumber.java.Scenario)</span>
      <div>check_start_over_button
          <div class="row mb-3"><div class="col-md-3">
    <img data-featherlight='../embedded2.png' src="../embedded2.png">
    
    </div></div>
</div>
      <div>
      </div>
              </div>
          </div>
        </div>
  </div>
  <div class="card">
    <div class="card-header" role="tab">
      <div class="card-title">
        <div class="node" id="40"><span class="badge log pass-bg mr-2">Pass</span>check Living Expense value</div>
      </div>
    </div>
        <div class="collapse">
          <div class="card-body">
              <div class="step pass-bg" title="stepdefinitions.PersonDetailsSteps.user_is_on_calculators_and_tools_page()">
                <span>Given user is on calculators and tools page</span>
      <div>
      </div>
              </div>
              <div class="step pass-bg" title="stepdefinitions.PersonDetailsSteps.user_enters_living_expense_of(java.lang.Integer)">
                <span>When user enters living expense of 1</span>
      <div>
      </div>
              </div>
              <div class="step pass-bg" title="stepdefinitions.PersonDetailsSteps.user_click_on_how_much_i_could_borrow_button()">
                <span>Then user click on how much i could borrow button</span>
      <div>
      </div>
              </div>
              <div class="step pass-bg" title="stepdefinitions.PersonDetailsSteps.user_should_see_this_Error(java.lang.String)">
                <span>And user should see this Error "Based on the details you've entered, we're unable to give you an estimate of your borrowing power with this calculator. For questions, call us on"</span>
      <div>
      </div>
              </div>
          </div>
        </div>
  </div>
</div>
          </div>
        </li>
      </ul>
    </div>
  </div>
<div class="test-content scrollable">
<div class="test-content-tools">
<ul><li><a class="back-to-test" href="#"><i class="fa fa-arrow-left"></i></a></li></ul>
</div>
<div class="test-content-detail"><div class="detail-body"></div></div>
</div></div>
<div class="test-wrapper row view exception-view attributes-view">
<div class="test-list">
<div class="test-list-tools">
<ul class="tools pull-left"><li><a href=""><span class="font-size-14">Exception</span></a></li></ul>
<ul class="tools text-right"><li><a href="#"><span class="badge badge-primary">1</span></a></li></ul>
</div>
<div class="test-list-wrapper scrollable">
<ul class="test-list-item">
<li class="test-item">
<div class="test-detail">
<span class="meta">
<span class='badge log badge-danger'>1</span>
</span>
<p class="name">org.openqa.selenium.NoSuchElementException</p>
<p class="duration text-sm">1 tests</p>
</div>
<div class="test-contents d-none">
<div class="info">
<h4>org.openqa.selenium.NoSuchElementException</h4>
<span status="fail" class='badge log badge-danger'>1 failed</span>
</div>
<table class='table table-sm mt-4'>
<thead>
<tr>
<th class="status-col">Status</th>
<th class="timestamp-col">Timestamp</th>
<th>TestName</th>
</tr>
</thead>
<tbody>
<tr class="tag-test-status" status="fail">
<td><span class="badge log fail-bg">Fail</span></td>
<td>18:15:00 PM</td>
<td>
<a href="#" class="linked" test-id='1' id='15'>And user enters total credit card limits of 10000</a>
<div class="">
<span class="badge badge-default">Person Details feature.Person with the following details.And user enters total credit card limits of 10000</span>
</div>
</td>
</tr>
<tr class="tag-test-status" status="fail">
<td><span class="badge log fail-bg">Fail</span></td>
<td>18:15:15 PM</td>
<td>
<a href="#" class="linked" test-id='1' id='33'>And user enters total credit card limits of 10000</a>
<div class="">
<span class="badge badge-default">Person Details feature.check start over button.And user enters total credit card limits of 10000</span>
</div>
</td>
</tr>
</tbody>
</table>
</div>
</li>
</ul>
</div>
</div>
<div class="test-content scrollable">
<div class="test-content-detail">
<div class="detail-body"></div>
</div>
</div>
</div>        </div>
      </div>
    </div>
  </div>
<script src="https://cdn.jsdelivr.net/gh/extent-framework/extent-github-cdn@14e9bb345ef7e2ed3a102f271d84e9f0267c88e7/spark/js/spark-script.js"></script>
<script type="text/javascript"></script></body>
</html>